<?xml version="1.0" encoding="UTF-8"?>
<!-- Generated by org.testng.reporters.JUnitReportReporter -->
<testsuite hostname="Sweta" failures="0" tests="1" name="com.crm.SDET25.DemoForGithub.DemoForGithub2" time="0.014" errors="0" timestamp="2021-12-09T16:10:18 IST" skipped="0">
  <testcase classname="com.crm.SDET25.DemoForGithub.DemoForGithub2" name="demo" time="0.014"/>
  <system-out/>
</testsuite> <!-- com.crm.SDET25.DemoForGithub.DemoForGithub2 -->
